[2015-05-13 22:07:02] production.ERROR: exception 'CeesVanEgmond\Minify\Exceptions\CannotSaveFileException' with message 'File '/Users/miguelmartinez/Sites/fundacion/httpdocs/js/d41d8cd98f00b204e9800998ecf8427e0.js' cannot be saved' in /Users/miguelmartinez/Sites/fundacion/vendor/ceesvanegmond/minify/src/CeesVanEgmond/Minify/Providers/BaseProvider.php:252
Stack trace:
#0 /Users/miguelmartinez/Sites/fundacion/vendor/ceesvanegmond/minify/src/CeesVanEgmond/Minify/Providers/JavaScript.php(20): CeesVanEgmond\Minify\Providers\BaseProvider->put('')
#1 /Users/miguelmartinez/Sites/fundacion/vendor/ceesvanegmond/minify/src/CeesVanEgmond/Minify/Minify.php(157): CeesVanEgmond\Minify\Providers\JavaScript->minify()
#2 /Users/miguelmartinez/Sites/fundacion/vendor/ceesvanegmond/minify/src/CeesVanEgmond/Minify/Minify.php(71): CeesVanEgmond\Minify\Minify->process(Array)
#3 /Users/miguelmartinez/Sites/fundacion/vendor/laravel/framework/src/Illuminate/Support/Facades/Facade.php(211): CeesVanEgmond\Minify\Minify->javascript(Array, Array)
#4 /Users/miguelmartinez/Sites/fundacion/app/storage/views/a56719b95da0621fc08f3551af2e6f56(51): Illuminate\Support\Facades\Facade::__callStatic('javascript', Array)
#5 /Users/miguelmartinez/Sites/fundacion/app/storage/views/a56719b95da0621fc08f3551af2e6f56(51): CeesVanEgmond\Minify\Facades\Minify::javascript(Array, Array)
#6 /Users/miguelmartinez/Sites/fundacion/vendor/laravel/framework/src/Illuminate/View/Engines/PhpEngine.php(37): include('/Users/miguelma...')
#7 /Users/miguelmartinez/Sites/fundacion/vendor/laravel/framework/src/Illuminate/View/Engines/CompilerEngine.php(56): Illuminate\View\Engines\PhpEngine->evaluatePath('/Users/miguelma...', Array)
#8 /Users/miguelmartinez/Sites/fundacion/vendor/laravel/framework/src/Illuminate/View/View.php(134): Illuminate\View\Engines\CompilerEngine->get('/Users/miguelma...', Array)
#9 /Users/miguelmartinez/Sites/fundacion/vendor/laravel/framework/src/Illuminate/View/View.php(102): Illuminate\View\View->getContents()
#10 /Users/miguelmartinez/Sites/fundacion/vendor/laravel/framework/src/Illuminate/View/View.php(76): Illuminate\View\View->renderContents()
#11 /Users/miguelmartinez/Sites/fundacion/app/storage/views/7f244ffac9b76b3aba8bf0fd77081ae6(42): Illuminate\View\View->render()
#12 /Users/miguelmartinez/Sites/fundacion/vendor/laravel/framework/src/Illuminate/View/Engines/PhpEngine.php(37): include('/Users/miguelma...')
#13 /Users/miguelmartinez/Sites/fundacion/vendor/laravel/framework/src/Illuminate/View/Engines/CompilerEngine.php(56): Illuminate\View\Engines\PhpEngine->evaluatePath('/Users/miguelma...', Array)
#14 /Users/miguelmartinez/Sites/fundacion/vendor/laravel/framework/src/Illuminate/View/View.php(134): Illuminate\View\Engines\CompilerEngine->get('/Users/miguelma...', Array)
#15 /Users/miguelmartinez/Sites/fundacion/vendor/laravel/framework/src/Illuminate/View/View.php(102): Illuminate\View\View->getContents()
#16 /Users/miguelmartinez/Sites/fundacion/vendor/laravel/framework/src/Illuminate/View/View.php(76): Illuminate\View\View->renderContents()
#17 /Users/miguelmartinez/Sites/fundacion/app/storage/views/c44d794f5a421a61180175e684a9d662(94): Illuminate\View\View->render()
#18 /Users/miguelmartinez/Sites/fundacion/vendor/laravel/framework/src/Illuminate/View/Engines/PhpEngine.php(37): include('/Users/miguelma...')
#19 /Users/miguelmartinez/Sites/fundacion/vendor/laravel/framework/src/Illuminate/View/Engines/CompilerEngine.php(56): Illuminate\View\Engines\PhpEngine->evaluatePath('/Users/miguelma...', Array)
#20 /Users/miguelmartinez/Sites/fundacion/vendor/laravel/framework/src/Illuminate/View/View.php(134): Illuminate\View\Engines\CompilerEngine->get('/Users/miguelma...', Array)
#21 /Users/miguelmartinez/Sites/fundacion/vendor/laravel/framework/src/Illuminate/View/View.php(102): Illuminate\View\View->getContents()
#22 /Users/miguelmartinez/Sites/fundacion/vendor/laravel/framework/src/Illuminate/View/View.php(76): Illuminate\View\View->renderContents()
#23 /Users/miguelmartinez/Sites/fundacion/app/storage/views/b4f5958874c7770fc119e8e4bfa77c10(11): Illuminate\View\View->render()
#24 /Users/miguelmartinez/Sites/fundacion/vendor/laravel/framework/src/Illuminate/View/Engines/PhpEngine.php(37): include('/Users/miguelma...')
#25 /Users/miguelmartinez/Sites/fundacion/vendor/laravel/framework/src/Illuminate/View/Engines/CompilerEngine.php(56): Illuminate\View\Engines\PhpEngine->evaluatePath('/Users/miguelma...', Array)
#26 /Users/miguelmartinez/Sites/fundacion/vendor/laravel/framework/src/Illuminate/View/View.php(134): Illuminate\View\Engines\CompilerEngine->get('/Users/miguelma...', Array)
#27 /Users/miguelmartinez/Sites/fundacion/vendor/laravel/framework/src/Illuminate/View/View.php(102): Illuminate\View\View->getContents()
#28 /Users/miguelmartinez/Sites/fundacion/vendor/laravel/framework/src/Illuminate/View/View.php(76): Illuminate\View\View->renderContents()
#29 /Users/miguelmartinez/Sites/fundacion/app/storage/views/e4a80ecf2b08b651cc1edb3f539662ba(2): Illuminate\View\View->render()
#30 /Users/miguelmartinez/Sites/fundacion/vendor/laravel/framework/src/Illuminate/View/Engines/PhpEngine.php(37): include('/Users/miguelma...')
#31 /Users/miguelmartinez/Sites/fundacion/vendor/laravel/framework/src/Illuminate/View/Engines/CompilerEngine.php(56): Illuminate\View\Engines\PhpEngine->evaluatePath('/Users/miguelma...', Array)
#32 /Users/miguelmartinez/Sites/fundacion/vendor/laravel/framework/src/Illuminate/View/View.php(134): Illuminate\View\Engines\CompilerEngine->get('/Users/miguelma...', Array)
#33 /Users/miguelmartinez/Sites/fundacion/vendor/laravel/framework/src/Illuminate/View/View.php(102): Illuminate\View\View->getContents()
#34 /Users/miguelmartinez/Sites/fundacion/vendor/laravel/framework/src/Illuminate/View/View.php(76): Illuminate\View\View->renderContents()
#35 /Users/miguelmartinez/Sites/fundacion/vendor/laravel/framework/src/Illuminate/Http/Response.php(43): Illuminate\View\View->render()
#36 /Users/miguelmartinez/Sites/fundacion/vendor/symfony/http-foundation/Symfony/Component/HttpFoundation/Response.php(202): Illuminate\Http\Response->setContent(Object(Illuminate\View\View))
#37 /Users/miguelmartinez/Sites/fundacion/vendor/laravel/framework/src/Illuminate/Routing/Router.php(1575): Symfony\Component\HttpFoundation\Response->__construct(Object(Illuminate\View\View))
#38 /Users/miguelmartinez/Sites/fundacion/vendor/laravel/framework/src/Illuminate/Routing/Router.php(1110): Illuminate\Routing\Router->prepareResponse(Object(Illuminate\Http\Request), Object(Illuminate\View\View))
#39 /Users/miguelmartinez/Sites/fundacion/vendor/laravel/framework/src/Illuminate/Routing/Router.php(1075): Illuminate\Routing\Router->dispatchToRoute(Object(Illuminate\Http\Request))
#40 /Users/miguelmartinez/Sites/fundacion/vendor/laravel/framework/src/Illuminate/Foundation/Application.php(775): Illuminate\Routing\Router->dispatch(Object(Illuminate\Http\Request))
#41 /Users/miguelmartinez/Sites/fundacion/vendor/laravel/framework/src/Illuminate/Foundation/Application.php(745): Illuminate\Foundation\Application->dispatch(Object(Illuminate\Http\Request))
#42 /Users/miguelmartinez/Sites/fundacion/vendor/laravel/framework/src/Illuminate/Session/Middleware.php(72): Illuminate\Foundation\Application->handle(Object(Illuminate\Http\Request), 1, true)
#43 /Users/miguelmartinez/Sites/fundacion/vendor/laravel/framework/src/Illuminate/Cookie/Queue.php(47): Illuminate\Session\Middleware->handle(Object(Illuminate\Http\Request), 1, true)
#44 /Users/miguelmartinez/Sites/fundacion/vendor/laravel/framework/src/Illuminate/Cookie/Guard.php(51): Illuminate\Cookie\Queue->handle(Object(Illuminate\Http\Request), 1, true)
#45 /Users/miguelmartinez/Sites/fundacion/vendor/stack/builder/src/Stack/StackedHttpKernel.php(23): Illuminate\Cookie\Guard->handle(Object(Illuminate\Http\Request), 1, true)
#46 /Users/miguelmartinez/Sites/fundacion/vendor/laravel/framework/src/Illuminate/Foundation/Application.php(641): Stack\StackedHttpKernel->handle(Object(Illuminate\Http\Request))
#47 /Users/miguelmartinez/Sites/fundacion/httpdocs/index.php(49): Illuminate\Foundation\Application->run()
#48 {main}

Next exception 'ErrorException' with message 'File '/Users/miguelmartinez/Sites/fundacion/httpdocs/js/d41d8cd98f00b204e9800998ecf8427e0.js' cannot be saved (View: /Users/miguelmartinez/Sites/fundacion/app/views/admin/skeleton.blade.php)' in /Users/miguelmartinez/Sites/fundacion/vendor/ceesvanegmond/minify/src/CeesVanEgmond/Minify/Providers/BaseProvider.php:252
Stack trace:
#0 /Users/miguelmartinez/Sites/fundacion/vendor/laravel/framework/src/Illuminate/View/Engines/PhpEngine.php(41): Illuminate\View\Engines\CompilerEngine->handleViewException(Object(CeesVanEgmond\Minify\Exceptions\CannotSaveFileException), 1)
#1 /Users/miguelmartinez/Sites/fundacion/vendor/laravel/framework/src/Illuminate/View/Engines/CompilerEngine.php(56): Illuminate\View\Engines\PhpEngine->evaluatePath('/Users/miguelma...', Array)
#2 /Users/miguelmartinez/Sites/fundacion/vendor/laravel/framework/src/Illuminate/View/View.php(134): Illuminate\View\Engines\CompilerEngine->get('/Users/miguelma...', Array)
#3 /Users/miguelmartinez/Sites/fundacion/vendor/laravel/framework/src/Illuminate/View/View.php(102): Illuminate\View\View->getContents()
#4 /Users/miguelmartinez/Sites/fundacion/vendor/laravel/framework/src/Illuminate/View/View.php(76): Illuminate\View\View->renderContents()
#5 /Users/miguelmartinez/Sites/fundacion/app/storage/views/7f244ffac9b76b3aba8bf0fd77081ae6(42): Illuminate\View\View->render()
#6 /Users/miguelmartinez/Sites/fundacion/vendor/laravel/framework/src/Illuminate/View/Engines/PhpEngine.php(37): include('/Users/miguelma...')
#7 /Users/miguelmartinez/Sites/fundacion/vendor/laravel/framework/src/Illuminate/View/Engines/CompilerEngine.php(56): Illuminate\View\Engines\PhpEngine->evaluatePath('/Users/miguelma...', Array)
#8 /Users/miguelmartinez/Sites/fundacion/vendor/laravel/framework/src/Illuminate/View/View.php(134): Illuminate\View\Engines\CompilerEngine->get('/Users/miguelma...', Array)
#9 /Users/miguelmartinez/Sites/fundacion/vendor/laravel/framework/src/Illuminate/View/View.php(102): Illuminate\View\View->getContents()
#10 /Users/miguelmartinez/Sites/fundacion/vendor/laravel/framework/src/Illuminate/View/View.php(76): Illuminate\View\View->renderContents()
#11 /Users/miguelmartinez/Sites/fundacion/app/storage/views/c44d794f5a421a61180175e684a9d662(94): Illuminate\View\View->render()
#12 /Users/miguelmartinez/Sites/fundacion/vendor/laravel/framework/src/Illuminate/View/Engines/PhpEngine.php(37): include('/Users/miguelma...')
#13 /Users/miguelmartinez/Sites/fundacion/vendor/laravel/framework/src/Illuminate/View/Engines/CompilerEngine.php(56): Illuminate\View\Engines\PhpEngine->evaluatePath('/Users/miguelma...', Array)
#14 /Users/miguelmartinez/Sites/fundacion/vendor/laravel/framework/src/Illuminate/View/View.php(134): Illuminate\View\Engines\CompilerEngine->get('/Users/miguelma...', Array)
#15 /Users/miguelmartinez/Sites/fundacion/vendor/laravel/framework/src/Illuminate/View/View.php(102): Illuminate\View\View->getContents()
#16 /Users/miguelmartinez/Sites/fundacion/vendor/laravel/framework/src/Illuminate/View/View.php(76): Illuminate\View\View->renderContents()
#17 /Users/miguelmartinez/Sites/fundacion/app/storage/views/b4f5958874c7770fc119e8e4bfa77c10(11): Illuminate\View\View->render()
#18 /Users/miguelmartinez/Sites/fundacion/vendor/laravel/framework/src/Illuminate/View/Engines/PhpEngine.php(37): include('/Users/miguelma...')
#19 /Users/miguelmartinez/Sites/fundacion/vendor/laravel/framework/src/Illuminate/View/Engines/CompilerEngine.php(56): Illuminate\View\Engines\PhpEngine->evaluatePath('/Users/miguelma...', Array)
#20 /Users/miguelmartinez/Sites/fundacion/vendor/laravel/framework/src/Illuminate/View/View.php(134): Illuminate\View\Engines\CompilerEngine->get('/Users/miguelma...', Array)
#21 /Users/miguelmartinez/Sites/fundacion/vendor/laravel/framework/src/Illuminate/View/View.php(102): Illuminate\View\View->getContents()
#22 /Users/miguelmartinez/Sites/fundacion/vendor/laravel/framework/src/Illuminate/View/View.php(76): Illuminate\View\View->renderContents()
#23 /Users/miguelmartinez/Sites/fundacion/app/storage/views/e4a80ecf2b08b651cc1edb3f539662ba(2): Illuminate\View\View->render()
#24 /Users/miguelmartinez/Sites/fundacion/vendor/laravel/framework/src/Illuminate/View/Engines/PhpEngine.php(37): include('/Users/miguelma...')
#25 /Users/miguelmartinez/Sites/fundacion/vendor/laravel/framework/src/Illuminate/View/Engines/CompilerEngine.php(56): Illuminate\View\Engines\PhpEngine->evaluatePath('/Users/miguelma...', Array)
#26 /Users/miguelmartinez/Sites/fundacion/vendor/laravel/framework/src/Illuminate/View/View.php(134): Illuminate\View\Engines\CompilerEngine->get('/Users/miguelma...', Array)
#27 /Users/miguelmartinez/Sites/fundacion/vendor/laravel/framework/src/Illuminate/View/View.php(102): Illuminate\View\View->getContents()
#28 /Users/miguelmartinez/Sites/fundacion/vendor/laravel/framework/src/Illuminate/View/View.php(76): Illuminate\View\View->renderContents()
#29 /Users/miguelmartinez/Sites/fundacion/vendor/laravel/framework/src/Illuminate/Http/Response.php(43): Illuminate\View\View->render()
#30 /Users/miguelmartinez/Sites/fundacion/vendor/symfony/http-foundation/Symfony/Component/HttpFoundation/Response.php(202): Illuminate\Http\Response->setContent(Object(Illuminate\View\View))
#31 /Users/miguelmartinez/Sites/fundacion/vendor/laravel/framework/src/Illuminate/Routing/Router.php(1575): Symfony\Component\HttpFoundation\Response->__construct(Object(Illuminate\View\View))
#32 /Users/miguelmartinez/Sites/fundacion/vendor/laravel/framework/src/Illuminate/Routing/Router.php(1110): Illuminate\Routing\Router->prepareResponse(Object(Illuminate\Http\Request), Object(Illuminate\View\View))
#33 /Users/miguelmartinez/Sites/fundacion/vendor/laravel/framework/src/Illuminate/Routing/Router.php(1075): Illuminate\Routing\Router->dispatchToRoute(Object(Illuminate\Http\Request))
#34 /Users/miguelmartinez/Sites/fundacion/vendor/laravel/framework/src/Illuminate/Foundation/Application.php(775): Illuminate\Routing\Router->dispatch(Object(Illuminate\Http\Request))
#35 /Users/miguelmartinez/Sites/fundacion/vendor/laravel/framework/src/Illuminate/Foundation/Application.php(745): Illuminate\Foundation\Application->dispatch(Object(Illuminate\Http\Request))
#36 /Users/miguelmartinez/Sites/fundacion/vendor/laravel/framework/src/Illuminate/Session/Middleware.php(72): Illuminate\Foundation\Application->handle(Object(Illuminate\Http\Request), 1, true)
#37 /Users/miguelmartinez/Sites/fundacion/vendor/laravel/framework/src/Illuminate/Cookie/Queue.php(47): Illuminate\Session\Middleware->handle(Object(Illuminate\Http\Request), 1, true)
#38 /Users/miguelmartinez/Sites/fundacion/vendor/laravel/framework/src/Illuminate/Cookie/Guard.php(51): Illuminate\Cookie\Queue->handle(Object(Illuminate\Http\Request), 1, true)
#39 /Users/miguelmartinez/Sites/fundacion/vendor/stack/builder/src/Stack/StackedHttpKernel.php(23): Illuminate\Cookie\Guard->handle(Object(Illuminate\Http\Request), 1, true)
#40 /Users/miguelmartinez/Sites/fundacion/vendor/laravel/framework/src/Illuminate/Foundation/Application.php(641): Stack\StackedHttpKernel->handle(Object(Illuminate\Http\Request))
#41 /Users/miguelmartinez/Sites/fundacion/httpdocs/index.php(49): Illuminate\Foundation\Application->run()
#42 {main}

Next exception 'ErrorException' with message 'File '/Users/miguelmartinez/Sites/fundacion/httpdocs/js/d41d8cd98f00b204e9800998ecf8427e0.js' cannot be saved (View: /Users/miguelmartinez/Sites/fundacion/app/views/admin/skeleton.blade.php) (View: /Users/miguelmartinez/Sites/fundacion/app/views/admin/skeleton.blade.php)' in /Users/miguelmartinez/Sites/fundacion/vendor/ceesvanegmond/minify/src/CeesVanEgmond/Minify/Providers/BaseProvider.php:252
Stack trace:
#0 /Users/miguelmartinez/Sites/fundacion/vendor/laravel/framework/src/Illuminate/View/Engines/PhpEngine.php(41): Illuminate\View\Engines\CompilerEngine->handleViewException(Object(ErrorException), 1)
#1 /Users/miguelmartinez/Sites/fundacion/vendor/laravel/framework/src/Illuminate/View/Engines/CompilerEngine.php(56): Illuminate\View\Engines\PhpEngine->evaluatePath('/Users/miguelma...', Array)
#2 /Users/miguelmartinez/Sites/fundacion/vendor/laravel/framework/src/Illuminate/View/View.php(134): Illuminate\View\Engines\CompilerEngine->get('/Users/miguelma...', Array)
#3 /Users/miguelmartinez/Sites/fundacion/vendor/laravel/framework/src/Illuminate/View/View.php(102): Illuminate\View\View->getContents()
#4 /Users/miguelmartinez/Sites/fundacion/vendor/laravel/framework/src/Illuminate/View/View.php(76): Illuminate\View\View->renderContents()
#5 /Users/miguelmartinez/Sites/fundacion/app/storage/views/c44d794f5a421a61180175e684a9d662(94): Illuminate\View\View->render()
#6 /Users/miguelmartinez/Sites/fundacion/vendor/laravel/framework/src/Illuminate/View/Engines/PhpEngine.php(37): include('/Users/miguelma...')
#7 /Users/miguelmartinez/Sites/fundacion/vendor/laravel/framework/src/Illuminate/View/Engines/CompilerEngine.php(56): Illuminate\View\Engines\PhpEngine->evaluatePath('/Users/miguelma...', Array)
#8 /Users/miguelmartinez/Sites/fundacion/vendor/laravel/framework/src/Illuminate/View/View.php(134): Illuminate\View\Engines\CompilerEngine->get('/Users/miguelma...', Array)
#9 /Users/miguelmartinez/Sites/fundacion/vendor/laravel/framework/src/Illuminate/View/View.php(102): Illuminate\View\View->getContents()
#10 /Users/miguelmartinez/Sites/fundacion/vendor/laravel/framework/src/Illuminate/View/View.php(76): Illuminate\View\View->renderContents()
#11 /Users/miguelmartinez/Sites/fundacion/app/storage/views/b4f5958874c7770fc119e8e4bfa77c10(11): Illuminate\View\View->render()
#12 /Users/miguelmartinez/Sites/fundacion/vendor/laravel/framework/src/Illuminate/View/Engines/PhpEngine.php(37): include('/Users/miguelma...')
#13 /Users/miguelmartinez/Sites/fundacion/vendor/laravel/framework/src/Illuminate/View/Engines/CompilerEngine.php(56): Illuminate\View\Engines\PhpEngine->evaluatePath('/Users/miguelma...', Array)
#14 /Users/miguelmartinez/Sites/fundacion/vendor/laravel/framework/src/Illuminate/View/View.php(134): Illuminate\View\Engines\CompilerEngine->get('/Users/miguelma...', Array)
#15 /Users/miguelmartinez/Sites/fundacion/vendor/laravel/framework/src/Illuminate/View/View.php(102): Illuminate\View\View->getContents()
#16 /Users/miguelmartinez/Sites/fundacion/vendor/laravel/framework/src/Illuminate/View/View.php(76): Illuminate\View\View->renderContents()
#17 /Users/miguelmartinez/Sites/fundacion/app/storage/views/e4a80ecf2b08b651cc1edb3f539662ba(2): Illuminate\View\View->render()
#18 /Users/miguelmartinez/Sites/fundacion/vendor/laravel/framework/src/Illuminate/View/Engines/PhpEngine.php(37): include('/Users/miguelma...')
#19 /Users/miguelmartinez/Sites/fundacion/vendor/laravel/framework/src/Illuminate/View/Engines/CompilerEngine.php(56): Illuminate\View\Engines\PhpEngine->evaluatePath('/Users/miguelma...', Array)
#20 /Users/miguelmartinez/Sites/fundacion/vendor/laravel/framework/src/Illuminate/View/View.php(134): Illuminate\View\Engines\CompilerEngine->get('/Users/miguelma...', Array)
#21 /Users/miguelmartinez/Sites/fundacion/vendor/laravel/framework/src/Illuminate/View/View.php(102): Illuminate\View\View->getContents()
#22 /Users/miguelmartinez/Sites/fundacion/vendor/laravel/framework/src/Illuminate/View/View.php(76): Illuminate\View\View->renderContents()
#23 /Users/miguelmartinez/Sites/fundacion/vendor/laravel/framework/src/Illuminate/Http/Response.php(43): Illuminate\View\View->render()
#24 /Users/miguelmartinez/Sites/fundacion/vendor/symfony/http-foundation/Symfony/Component/HttpFoundation/Response.php(202): Illuminate\Http\Response->setContent(Object(Illuminate\View\View))
#25 /Users/miguelmartinez/Sites/fundacion/vendor/laravel/framework/src/Illuminate/Routing/Router.php(1575): Symfony\Component\HttpFoundation\Response->__construct(Object(Illuminate\View\View))
#26 /Users/miguelmartinez/Sites/fundacion/vendor/laravel/framework/src/Illuminate/Routing/Router.php(1110): Illuminate\Routing\Router->prepareResponse(Object(Illuminate\Http\Request), Object(Illuminate\View\View))
#27 /Users/miguelmartinez/Sites/fundacion/vendor/laravel/framework/src/Illuminate/Routing/Router.php(1075): Illuminate\Routing\Router->dispatchToRoute(Object(Illuminate\Http\Request))
#28 /Users/miguelmartinez/Sites/fundacion/vendor/laravel/framework/src/Illuminate/Foundation/Application.php(775): Illuminate\Routing\Router->dispatch(Object(Illuminate\Http\Request))
#29 /Users/miguelmartinez/Sites/fundacion/vendor/laravel/framework/src/Illuminate/Foundation/Application.php(745): Illuminate\Foundation\Application->dispatch(Object(Illuminate\Http\Request))
#30 /Users/miguelmartinez/Sites/fundacion/vendor/laravel/framework/src/Illuminate/Session/Middleware.php(72): Illuminate\Foundation\Application->handle(Object(Illuminate\Http\Request), 1, true)
#31 /Users/miguelmartinez/Sites/fundacion/vendor/laravel/framework/src/Illuminate/Cookie/Queue.php(47): Illuminate\Session\Middleware->handle(Object(Illuminate\Http\Request), 1, true)
#32 /Users/miguelmartinez/Sites/fundacion/vendor/laravel/framework/src/Illuminate/Cookie/Guard.php(51): Illuminate\Cookie\Queue->handle(Object(Illuminate\Http\Request), 1, true)
#33 /Users/miguelmartinez/Sites/fundacion/vendor/stack/builder/src/Stack/StackedHttpKernel.php(23): Illuminate\Cookie\Guard->handle(Object(Illuminate\Http\Request), 1, true)
#34 /Users/miguelmartinez/Sites/fundacion/vendor/laravel/framework/src/Illuminate/Foundation/Application.php(641): Stack\StackedHttpKernel->handle(Object(Illuminate\Http\Request))
#35 /Users/miguelmartinez/Sites/fundacion/httpdocs/index.php(49): Illuminate\Foundation\Application->run()
#36 {main}

Next exception 'ErrorException' with message 'File '/Users/miguelmartinez/Sites/fundacion/httpdocs/js/d41d8cd98f00b204e9800998ecf8427e0.js' cannot be saved (View: /Users/miguelmartinez/Sites/fundacion/app/views/admin/skeleton.blade.php) (View: /Users/miguelmartinez/Sites/fundacion/app/views/admin/skeleton.blade.php) (View: /Users/miguelmartinez/Sites/fundacion/app/views/admin/skeleton.blade.php)' in /Users/miguelmartinez/Sites/fundacion/vendor/ceesvanegmond/minify/src/CeesVanEgmond/Minify/Providers/BaseProvider.php:252
Stack trace:
#0 /Users/miguelmartinez/Sites/fundacion/vendor/laravel/framework/src/Illuminate/View/Engines/PhpEngine.php(41): Illuminate\View\Engines\CompilerEngine->handleViewException(Object(ErrorException), 1)
#1 /Users/miguelmartinez/Sites/fundacion/vendor/laravel/framework/src/Illuminate/View/Engines/CompilerEngine.php(56): Illuminate\View\Engines\PhpEngine->evaluatePath('/Users/miguelma...', Array)
#2 /Users/miguelmartinez/Sites/fundacion/vendor/laravel/framework/src/Illuminate/View/View.php(134): Illuminate\View\Engines\CompilerEngine->get('/Users/miguelma...', Array)
#3 /Users/miguelmartinez/Sites/fundacion/vendor/laravel/framework/src/Illuminate/View/View.php(102): Illuminate\View\View->getContents()
#4 /Users/miguelmartinez/Sites/fundacion/vendor/laravel/framework/src/Illuminate/View/View.php(76): Illuminate\View\View->renderContents()
#5 /Users/miguelmartinez/Sites/fundacion/app/storage/views/b4f5958874c7770fc119e8e4bfa77c10(11): Illuminate\View\View->render()
#6 /Users/miguelmartinez/Sites/fundacion/vendor/laravel/framework/src/Illuminate/View/Engines/PhpEngine.php(37): include('/Users/miguelma...')
#7 /Users/miguelmartinez/Sites/fundacion/vendor/laravel/framework/src/Illuminate/View/Engines/CompilerEngine.php(56): Illuminate\View\Engines\PhpEngine->evaluatePath('/Users/miguelma...', Array)
#8 /Users/miguelmartinez/Sites/fundacion/vendor/laravel/framework/src/Illuminate/View/View.php(134): Illuminate\View\Engines\CompilerEngine->get('/Users/miguelma...', Array)
#9 /Users/miguelmartinez/Sites/fundacion/vendor/laravel/framework/src/Illuminate/View/View.php(102): Illuminate\View\View->getContents()
#10 /Users/miguelmartinez/Sites/fundacion/vendor/laravel/framework/src/Illuminate/View/View.php(76): Illuminate\View\View->renderContents()
#11 /Users/miguelmartinez/Sites/fundacion/app/storage/views/e4a80ecf2b08b651cc1edb3f539662ba(2): Illuminate\View\View->render()
#12 /Users/miguelmartinez/Sites/fundacion/vendor/laravel/framework/src/Illuminate/View/Engines/PhpEngine.php(37): include('/Users/miguelma...')
#13 /Users/miguelmartinez/Sites/fundacion/vendor/laravel/framework/src/Illuminate/View/Engines/CompilerEngine.php(56): Illuminate\View\Engines\PhpEngine->evaluatePath('/Users/miguelma...', Array)
#14 /Users/miguelmartinez/Sites/fundacion/vendor/laravel/framework/src/Illuminate/View/View.php(134): Illuminate\View\Engines\CompilerEngine->get('/Users/miguelma...', Array)
#15 /Users/miguelmartinez/Sites/fundacion/vendor/laravel/framework/src/Illuminate/View/View.php(102): Illuminate\View\View->getContents()
#16 /Users/miguelmartinez/Sites/fundacion/vendor/laravel/framework/src/Illuminate/View/View.php(76): Illuminate\View\View->renderContents()
#17 /Users/miguelmartinez/Sites/fundacion/vendor/laravel/framework/src/Illuminate/Http/Response.php(43): Illuminate\View\View->render()
#18 /Users/miguelmartinez/Sites/fundacion/vendor/symfony/http-foundation/Symfony/Component/HttpFoundation/Response.php(202): Illuminate\Http\Response->setContent(Object(Illuminate\View\View))
#19 /Users/miguelmartinez/Sites/fundacion/vendor/laravel/framework/src/Illuminate/Routing/Router.php(1575): Symfony\Component\HttpFoundation\Response->__construct(Object(Illuminate\View\View))
#20 /Users/miguelmartinez/Sites/fundacion/vendor/laravel/framework/src/Illuminate/Routing/Router.php(1110): Illuminate\Routing\Router->prepareResponse(Object(Illuminate\Http\Request), Object(Illuminate\View\View))
#21 /Users/miguelmartinez/Sites/fundacion/vendor/laravel/framework/src/Illuminate/Routing/Router.php(1075): Illuminate\Routing\Router->dispatchToRoute(Object(Illuminate\Http\Request))
#22 /Users/miguelmartinez/Sites/fundacion/vendor/laravel/framework/src/Illuminate/Foundation/Application.php(775): Illuminate\Routing\Router->dispatch(Object(Illuminate\Http\Request))
#23 /Users/miguelmartinez/Sites/fundacion/vendor/laravel/framework/src/Illuminate/Foundation/Application.php(745): Illuminate\Foundation\Application->dispatch(Object(Illuminate\Http\Request))
#24 /Users/miguelmartinez/Sites/fundacion/vendor/laravel/framework/src/Illuminate/Session/Middleware.php(72): Illuminate\Foundation\Application->handle(Object(Illuminate\Http\Request), 1, true)
#25 /Users/miguelmartinez/Sites/fundacion/vendor/laravel/framework/src/Illuminate/Cookie/Queue.php(47): Illuminate\Session\Middleware->handle(Object(Illuminate\Http\Request), 1, true)
#26 /Users/miguelmartinez/Sites/fundacion/vendor/laravel/framework/src/Illuminate/Cookie/Guard.php(51): Illuminate\Cookie\Queue->handle(Object(Illuminate\Http\Request), 1, true)
#27 /Users/miguelmartinez/Sites/fundacion/vendor/stack/builder/src/Stack/StackedHttpKernel.php(23): Illuminate\Cookie\Guard->handle(Object(Illuminate\Http\Request), 1, true)
#28 /Users/miguelmartinez/Sites/fundacion/vendor/laravel/framework/src/Illuminate/Foundation/Application.php(641): Stack\StackedHttpKernel->handle(Object(Illuminate\Http\Request))
#29 /Users/miguelmartinez/Sites/fundacion/httpdocs/index.php(49): Illuminate\Foundation\Application->run()
#30 {main}

Next exception 'ErrorException' with message 'File '/Users/miguelmartinez/Sites/fundacion/httpdocs/js/d41d8cd98f00b204e9800998ecf8427e0.js' cannot be saved (View: /Users/miguelmartinez/Sites/fundacion/app/views/admin/skeleton.blade.php) (View: /Users/miguelmartinez/Sites/fundacion/app/views/admin/skeleton.blade.php) (View: /Users/miguelmartinez/Sites/fundacion/app/views/admin/skeleton.blade.php) (View: /Users/miguelmartinez/Sites/fundacion/app/views/admin/skeleton.blade.php)' in /Users/miguelmartinez/Sites/fundacion/vendor/ceesvanegmond/minify/src/CeesVanEgmond/Minify/Providers/BaseProvider.php:252
Stack trace:
#0 /Users/miguelmartinez/Sites/fundacion/vendor/laravel/framework/src/Illuminate/View/Engines/PhpEngine.php(41): Illuminate\View\Engines\CompilerEngine->handleViewException(Object(ErrorException), 1)
#1 /Users/miguelmartinez/Sites/fundacion/vendor/laravel/framework/src/Illuminate/View/Engines/CompilerEngine.php(56): Illuminate\View\Engines\PhpEngine->evaluatePath('/Users/miguelma...', Array)
#2 /Users/miguelmartinez/Sites/fundacion/vendor/laravel/framework/src/Illuminate/View/View.php(134): Illuminate\View\Engines\CompilerEngine->get('/Users/miguelma...', Array)
#3 /Users/miguelmartinez/Sites/fundacion/vendor/laravel/framework/src/Illuminate/View/View.php(102): Illuminate\View\View->getContents()
#4 /Users/miguelmartinez/Sites/fundacion/vendor/laravel/framework/src/Illuminate/View/View.php(76): Illuminate\View\View->renderContents()
#5 /Users/miguelmartinez/Sites/fundacion/app/storage/views/e4a80ecf2b08b651cc1edb3f539662ba(2): Illuminate\View\View->render()
#6 /Users/miguelmartinez/Sites/fundacion/vendor/laravel/framework/src/Illuminate/View/Engines/PhpEngine.php(37): include('/Users/miguelma...')
#7 /Users/miguelmartinez/Sites/fundacion/vendor/laravel/framework/src/Illuminate/View/Engines/CompilerEngine.php(56): Illuminate\View\Engines\PhpEngine->evaluatePath('/Users/miguelma...', Array)
#8 /Users/miguelmartinez/Sites/fundacion/vendor/laravel/framework/src/Illuminate/View/View.php(134): Illuminate\View\Engines\CompilerEngine->get('/Users/miguelma...', Array)
#9 /Users/miguelmartinez/Sites/fundacion/vendor/laravel/framework/src/Illuminate/View/View.php(102): Illuminate\View\View->getContents()
#10 /Users/miguelmartinez/Sites/fundacion/vendor/laravel/framework/src/Illuminate/View/View.php(76): Illuminate\View\View->renderContents()
#11 /Users/miguelmartinez/Sites/fundacion/vendor/laravel/framework/src/Illuminate/Http/Response.php(43): Illuminate\View\View->render()
#12 /Users/miguelmartinez/Sites/fundacion/vendor/symfony/http-foundation/Symfony/Component/HttpFoundation/Response.php(202): Illuminate\Http\Response->setContent(Object(Illuminate\View\View))
#13 /Users/miguelmartinez/Sites/fundacion/vendor/laravel/framework/src/Illuminate/Routing/Router.php(1575): Symfony\Component\HttpFoundation\Response->__construct(Object(Illuminate\View\View))
#14 /Users/miguelmartinez/Sites/fundacion/vendor/laravel/framework/src/Illuminate/Routing/Router.php(1110): Illuminate\Routing\Router->prepareResponse(Object(Illuminate\Http\Request), Object(Illuminate\View\View))
#15 /Users/miguelmartinez/Sites/fundacion/vendor/laravel/framework/src/Illuminate/Routing/Router.php(1075): Illuminate\Routing\Router->dispatchToRoute(Object(Illuminate\Http\Request))
#16 /Users/miguelmartinez/Sites/fundacion/vendor/laravel/framework/src/Illuminate/Foundation/Application.php(775): Illuminate\Routing\Router->dispatch(Object(Illuminate\Http\Request))
#17 /Users/miguelmartinez/Sites/fundacion/vendor/laravel/framework/src/Illuminate/Foundation/Application.php(745): Illuminate\Foundation\Application->dispatch(Object(Illuminate\Http\Request))
#18 /Users/miguelmartinez/Sites/fundacion/vendor/laravel/framework/src/Illuminate/Session/Middleware.php(72): Illuminate\Foundation\Application->handle(Object(Illuminate\Http\Request), 1, true)
#19 /Users/miguelmartinez/Sites/fundacion/vendor/laravel/framework/src/Illuminate/Cookie/Queue.php(47): Illuminate\Session\Middleware->handle(Object(Illuminate\Http\Request), 1, true)
#20 /Users/miguelmartinez/Sites/fundacion/vendor/laravel/framework/src/Illuminate/Cookie/Guard.php(51): Illuminate\Cookie\Queue->handle(Object(Illuminate\Http\Request), 1, true)
#21 /Users/miguelmartinez/Sites/fundacion/vendor/stack/builder/src/Stack/StackedHttpKernel.php(23): Illuminate\Cookie\Guard->handle(Object(Illuminate\Http\Request), 1, true)
#22 /Users/miguelmartinez/Sites/fundacion/vendor/laravel/framework/src/Illuminate/Foundation/Application.php(641): Stack\StackedHttpKernel->handle(Object(Illuminate\Http\Request))
#23 /Users/miguelmartinez/Sites/fundacion/httpdocs/index.php(49): Illuminate\Foundation\Application->run()
#24 {main}

Next exception 'ErrorException' with message 'File '/Users/miguelmartinez/Sites/fundacion/httpdocs/js/d41d8cd98f00b204e9800998ecf8427e0.js' cannot be saved (View: /Users/miguelmartinez/Sites/fundacion/app/views/admin/skeleton.blade.php) (View: /Users/miguelmartinez/Sites/fundacion/app/views/admin/skeleton.blade.php) (View: /Users/miguelmartinez/Sites/fundacion/app/views/admin/skeleton.blade.php) (View: /Users/miguelmartinez/Sites/fundacion/app/views/admin/skeleton.blade.php) (View: /Users/miguelmartinez/Sites/fundacion/app/views/admin/skeleton.blade.php)' in /Users/miguelmartinez/Sites/fundacion/vendor/ceesvanegmond/minify/src/CeesVanEgmond/Minify/Providers/BaseProvider.php:252
Stack trace:
#0 /Users/miguelmartinez/Sites/fundacion/vendor/laravel/framework/src/Illuminate/View/Engines/PhpEngine.php(41): Illuminate\View\Engines\CompilerEngine->handleViewException(Object(ErrorException), 1)
#1 /Users/miguelmartinez/Sites/fundacion/vendor/laravel/framework/src/Illuminate/View/Engines/CompilerEngine.php(56): Illuminate\View\Engines\PhpEngine->evaluatePath('/Users/miguelma...', Array)
#2 /Users/miguelmartinez/Sites/fundacion/vendor/laravel/framework/src/Illuminate/View/View.php(134): Illuminate\View\Engines\CompilerEngine->get('/Users/miguelma...', Array)
#3 /Users/miguelmartinez/Sites/fundacion/vendor/laravel/framework/src/Illuminate/View/View.php(102): Illuminate\View\View->getContents()
#4 /Users/miguelmartinez/Sites/fundacion/vendor/laravel/framework/src/Illuminate/View/View.php(76): Illuminate\View\View->renderContents()
#5 /Users/miguelmartinez/Sites/fundacion/vendor/laravel/framework/src/Illuminate/Http/Response.php(43): Illuminate\View\View->render()
#6 /Users/miguelmartinez/Sites/fundacion/vendor/symfony/http-foundation/Symfony/Component/HttpFoundation/Response.php(202): Illuminate\Http\Response->setContent(Object(Illuminate\View\View))
#7 /Users/miguelmartinez/Sites/fundacion/vendor/laravel/framework/src/Illuminate/Routing/Router.php(1575): Symfony\Component\HttpFoundation\Response->__construct(Object(Illuminate\View\View))
#8 /Users/miguelmartinez/Sites/fundacion/vendor/laravel/framework/src/Illuminate/Routing/Router.php(1110): Illuminate\Routing\Router->prepareResponse(Object(Illuminate\Http\Request), Object(Illuminate\View\View))
#9 /Users/miguelmartinez/Sites/fundacion/vendor/laravel/framework/src/Illuminate/Routing/Router.php(1075): Illuminate\Routing\Router->dispatchToRoute(Object(Illuminate\Http\Request))
#10 /Users/miguelmartinez/Sites/fundacion/vendor/laravel/framework/src/Illuminate/Foundation/Application.php(775): Illuminate\Routing\Router->dispatch(Object(Illuminate\Http\Request))
#11 /Users/miguelmartinez/Sites/fundacion/vendor/laravel/framework/src/Illuminate/Foundation/Application.php(745): Illuminate\Foundation\Application->dispatch(Object(Illuminate\Http\Request))
#12 /Users/miguelmartinez/Sites/fundacion/vendor/laravel/framework/src/Illuminate/Session/Middleware.php(72): Illuminate\Foundation\Application->handle(Object(Illuminate\Http\Request), 1, true)
#13 /Users/miguelmartinez/Sites/fundacion/vendor/laravel/framework/src/Illuminate/Cookie/Queue.php(47): Illuminate\Session\Middleware->handle(Object(Illuminate\Http\Request), 1, true)
#14 /Users/miguelmartinez/Sites/fundacion/vendor/laravel/framework/src/Illuminate/Cookie/Guard.php(51): Illuminate\Cookie\Queue->handle(Object(Illuminate\Http\Request), 1, true)
#15 /Users/miguelmartinez/Sites/fundacion/vendor/stack/builder/src/Stack/StackedHttpKernel.php(23): Illuminate\Cookie\Guard->handle(Object(Illuminate\Http\Request), 1, true)
#16 /Users/miguelmartinez/Sites/fundacion/vendor/laravel/framework/src/Illuminate/Foundation/Application.php(641): Stack\StackedHttpKernel->handle(Object(Illuminate\Http\Request))
#17 /Users/miguelmartinez/Sites/fundacion/httpdocs/index.php(49): Illuminate\Foundation\Application->run()
#18 {main} [] []
[2015-05-13 22:08:32] production.ERROR: exception 'Symfony\Component\Debug\Exception\FatalErrorException' with message 'Class 'CreatedBy' not found' in /Users/miguelmartinez/Sites/fundacion/app/controllers/admin/CrudController.php:703
Stack trace:
#0 [internal function]: Illuminate\Exception\Handler->handleShutdown()
#1 {main} [] []
[2015-05-13 22:09:36] production.ERROR: exception 'Symfony\Component\HttpKernel\Exception\NotFoundHttpException' in /Users/miguelmartinez/Sites/fundacion/vendor/laravel/framework/src/Illuminate/Routing/RouteCollection.php:148
Stack trace:
#0 /Users/miguelmartinez/Sites/fundacion/vendor/laravel/framework/src/Illuminate/Routing/Router.php(1128): Illuminate\Routing\RouteCollection->match(Object(Illuminate\Http\Request))
#1 /Users/miguelmartinez/Sites/fundacion/vendor/laravel/framework/src/Illuminate/Routing/Router.php(1096): Illuminate\Routing\Router->findRoute(Object(Illuminate\Http\Request))
#2 /Users/miguelmartinez/Sites/fundacion/vendor/laravel/framework/src/Illuminate/Routing/Router.php(1075): Illuminate\Routing\Router->dispatchToRoute(Object(Illuminate\Http\Request))
#3 /Users/miguelmartinez/Sites/fundacion/vendor/laravel/framework/src/Illuminate/Foundation/Application.php(775): Illuminate\Routing\Router->dispatch(Object(Illuminate\Http\Request))
#4 /Users/miguelmartinez/Sites/fundacion/vendor/laravel/framework/src/Illuminate/Foundation/Application.php(745): Illuminate\Foundation\Application->dispatch(Object(Illuminate\Http\Request))
#5 /Users/miguelmartinez/Sites/fundacion/vendor/laravel/framework/src/Illuminate/Session/Middleware.php(72): Illuminate\Foundation\Application->handle(Object(Illuminate\Http\Request), 1, true)
#6 /Users/miguelmartinez/Sites/fundacion/vendor/laravel/framework/src/Illuminate/Cookie/Queue.php(47): Illuminate\Session\Middleware->handle(Object(Illuminate\Http\Request), 1, true)
#7 /Users/miguelmartinez/Sites/fundacion/vendor/laravel/framework/src/Illuminate/Cookie/Guard.php(51): Illuminate\Cookie\Queue->handle(Object(Illuminate\Http\Request), 1, true)
#8 /Users/miguelmartinez/Sites/fundacion/vendor/stack/builder/src/Stack/StackedHttpKernel.php(23): Illuminate\Cookie\Guard->handle(Object(Illuminate\Http\Request), 1, true)
#9 /Users/miguelmartinez/Sites/fundacion/vendor/laravel/framework/src/Illuminate/Foundation/Application.php(641): Stack\StackedHttpKernel->handle(Object(Illuminate\Http\Request))
#10 /Users/miguelmartinez/Sites/fundacion/httpdocs/index.php(49): Illuminate\Foundation\Application->run()
#11 {main} [] []
[2015-05-13 22:09:37] production.ERROR: exception 'InvalidArgumentException' with message 'View [dashboard.dashboard] not found.' in /Users/miguelmartinez/Sites/fundacion/vendor/laravel/framework/src/Illuminate/View/FileViewFinder.php:146
Stack trace:
#0 /Users/miguelmartinez/Sites/fundacion/vendor/laravel/framework/src/Illuminate/View/FileViewFinder.php(83): Illuminate\View\FileViewFinder->findInPaths('dashboard.dashb...', Array)
#1 /Users/miguelmartinez/Sites/fundacion/vendor/laravel/framework/src/Illuminate/View/Factory.php(124): Illuminate\View\FileViewFinder->find('dashboard.dashb...')
#2 /Users/miguelmartinez/Sites/fundacion/vendor/laravel/framework/src/Illuminate/Support/Facades/Facade.php(208): Illuminate\View\Factory->make('dashboard.dashb...')
#3 /Users/miguelmartinez/Sites/fundacion/app/models/Users.php(137): Illuminate\Support\Facades\Facade::__callStatic('make', Array)
#4 /Users/miguelmartinez/Sites/fundacion/app/models/Users.php(137): Illuminate\Support\Facades\View::make('dashboard.dashb...')
#5 /Users/miguelmartinez/Sites/fundacion/app/controllers/admin/CrudController.php(689): Users->chart_report('1', Object(Users))
#6 [internal function]: admin\CrudController->tab('1', 'chart_report')
#7 /Users/miguelmartinez/Sites/fundacion/vendor/laravel/framework/src/Illuminate/Routing/Controller.php(231): call_user_func_array(Array, Array)
#8 /Users/miguelmartinez/Sites/fundacion/vendor/laravel/framework/src/Illuminate/Routing/ControllerDispatcher.php(93): Illuminate\Routing\Controller->callAction('tab', Array)
#9 /Users/miguelmartinez/Sites/fundacion/vendor/laravel/framework/src/Illuminate/Routing/ControllerDispatcher.php(62): Illuminate\Routing\ControllerDispatcher->call(Object(admin\CrudController), Object(Illuminate\Routing\Route), 'tab')
#10 /Users/miguelmartinez/Sites/fundacion/vendor/laravel/framework/src/Illuminate/Routing/Router.php(1041): Illuminate\Routing\ControllerDispatcher->dispatch(Object(Illuminate\Routing\Route), Object(Illuminate\Http\Request), 'admin\\CrudContr...', 'tab')
#11 [internal function]: Illuminate\Routing\Router->Illuminate\Routing\{closure}('1', 'chart_report')
#12 /Users/miguelmartinez/Sites/fundacion/vendor/laravel/framework/src/Illuminate/Routing/Route.php(109): call_user_func_array(Object(Closure), Array)
#13 /Users/miguelmartinez/Sites/fundacion/vendor/laravel/framework/src/Illuminate/Routing/Router.php(1107): Illuminate\Routing\Route->run(Object(Illuminate\Http\Request))
#14 /Users/miguelmartinez/Sites/fundacion/vendor/laravel/framework/src/Illuminate/Routing/Router.php(1075): Illuminate\Routing\Router->dispatchToRoute(Object(Illuminate\Http\Request))
#15 /Users/miguelmartinez/Sites/fundacion/vendor/laravel/framework/src/Illuminate/Foundation/Application.php(775): Illuminate\Routing\Router->dispatch(Object(Illuminate\Http\Request))
#16 /Users/miguelmartinez/Sites/fundacion/vendor/laravel/framework/src/Illuminate/Foundation/Application.php(745): Illuminate\Foundation\Application->dispatch(Object(Illuminate\Http\Request))
#17 /Users/miguelmartinez/Sites/fundacion/vendor/laravel/framework/src/Illuminate/Session/Middleware.php(72): Illuminate\Foundation\Application->handle(Object(Illuminate\Http\Request), 1, true)
#18 /Users/miguelmartinez/Sites/fundacion/vendor/laravel/framework/src/Illuminate/Cookie/Queue.php(47): Illuminate\Session\Middleware->handle(Object(Illuminate\Http\Request), 1, true)
#19 /Users/miguelmartinez/Sites/fundacion/vendor/laravel/framework/src/Illuminate/Cookie/Guard.php(51): Illuminate\Cookie\Queue->handle(Object(Illuminate\Http\Request), 1, true)
#20 /Users/miguelmartinez/Sites/fundacion/vendor/stack/builder/src/Stack/StackedHttpKernel.php(23): Illuminate\Cookie\Guard->handle(Object(Illuminate\Http\Request), 1, true)
#21 /Users/miguelmartinez/Sites/fundacion/vendor/laravel/framework/src/Illuminate/Foundation/Application.php(641): Stack\StackedHttpKernel->handle(Object(Illuminate\Http\Request))
#22 /Users/miguelmartinez/Sites/fundacion/httpdocs/index.php(49): Illuminate\Foundation\Application->run()
#23 {main} [] []
[2015-05-13 22:09:45] production.ERROR: exception 'Symfony\Component\HttpKernel\Exception\NotFoundHttpException' in /Users/miguelmartinez/Sites/fundacion/vendor/laravel/framework/src/Illuminate/Routing/RouteCollection.php:148
Stack trace:
#0 /Users/miguelmartinez/Sites/fundacion/vendor/laravel/framework/src/Illuminate/Routing/Router.php(1128): Illuminate\Routing\RouteCollection->match(Object(Illuminate\Http\Request))
#1 /Users/miguelmartinez/Sites/fundacion/vendor/laravel/framework/src/Illuminate/Routing/Router.php(1096): Illuminate\Routing\Router->findRoute(Object(Illuminate\Http\Request))
#2 /Users/miguelmartinez/Sites/fundacion/vendor/laravel/framework/src/Illuminate/Routing/Router.php(1075): Illuminate\Routing\Router->dispatchToRoute(Object(Illuminate\Http\Request))
#3 /Users/miguelmartinez/Sites/fundacion/vendor/laravel/framework/src/Illuminate/Foundation/Application.php(775): Illuminate\Routing\Router->dispatch(Object(Illuminate\Http\Request))
#4 /Users/miguelmartinez/Sites/fundacion/vendor/laravel/framework/src/Illuminate/Foundation/Application.php(745): Illuminate\Foundation\Application->dispatch(Object(Illuminate\Http\Request))
#5 /Users/miguelmartinez/Sites/fundacion/vendor/laravel/framework/src/Illuminate/Session/Middleware.php(72): Illuminate\Foundation\Application->handle(Object(Illuminate\Http\Request), 1, true)
#6 /Users/miguelmartinez/Sites/fundacion/vendor/laravel/framework/src/Illuminate/Cookie/Queue.php(47): Illuminate\Session\Middleware->handle(Object(Illuminate\Http\Request), 1, true)
#7 /Users/miguelmartinez/Sites/fundacion/vendor/laravel/framework/src/Illuminate/Cookie/Guard.php(51): Illuminate\Cookie\Queue->handle(Object(Illuminate\Http\Request), 1, true)
#8 /Users/miguelmartinez/Sites/fundacion/vendor/stack/builder/src/Stack/StackedHttpKernel.php(23): Illuminate\Cookie\Guard->handle(Object(Illuminate\Http\Request), 1, true)
#9 /Users/miguelmartinez/Sites/fundacion/vendor/laravel/framework/src/Illuminate/Foundation/Application.php(641): Stack\StackedHttpKernel->handle(Object(Illuminate\Http\Request))
#10 /Users/miguelmartinez/Sites/fundacion/httpdocs/index.php(49): Illuminate\Foundation\Application->run()
#11 {main} [] []
[2015-05-13 22:09:47] production.ERROR: exception 'Symfony\Component\HttpKernel\Exception\NotFoundHttpException' in /Users/miguelmartinez/Sites/fundacion/vendor/laravel/framework/src/Illuminate/Routing/RouteCollection.php:148
Stack trace:
#0 /Users/miguelmartinez/Sites/fundacion/vendor/laravel/framework/src/Illuminate/Routing/Router.php(1128): Illuminate\Routing\RouteCollection->match(Object(Illuminate\Http\Request))
#1 /Users/miguelmartinez/Sites/fundacion/vendor/laravel/framework/src/Illuminate/Routing/Router.php(1096): Illuminate\Routing\Router->findRoute(Object(Illuminate\Http\Request))
#2 /Users/miguelmartinez/Sites/fundacion/vendor/laravel/framework/src/Illuminate/Routing/Router.php(1075): Illuminate\Routing\Router->dispatchToRoute(Object(Illuminate\Http\Request))
#3 /Users/miguelmartinez/Sites/fundacion/vendor/laravel/framework/src/Illuminate/Foundation/Application.php(775): Illuminate\Routing\Router->dispatch(Object(Illuminate\Http\Request))
#4 /Users/miguelmartinez/Sites/fundacion/vendor/laravel/framework/src/Illuminate/Foundation/Application.php(745): Illuminate\Foundation\Application->dispatch(Object(Illuminate\Http\Request))
#5 /Users/miguelmartinez/Sites/fundacion/vendor/laravel/framework/src/Illuminate/Session/Middleware.php(72): Illuminate\Foundation\Application->handle(Object(Illuminate\Http\Request), 1, true)
#6 /Users/miguelmartinez/Sites/fundacion/vendor/laravel/framework/src/Illuminate/Cookie/Queue.php(47): Illuminate\Session\Middleware->handle(Object(Illuminate\Http\Request), 1, true)
#7 /Users/miguelmartinez/Sites/fundacion/vendor/laravel/framework/src/Illuminate/Cookie/Guard.php(51): Illuminate\Cookie\Queue->handle(Object(Illuminate\Http\Request), 1, true)
#8 /Users/miguelmartinez/Sites/fundacion/vendor/stack/builder/src/Stack/StackedHttpKernel.php(23): Illuminate\Cookie\Guard->handle(Object(Illuminate\Http\Request), 1, true)
#9 /Users/miguelmartinez/Sites/fundacion/vendor/laravel/framework/src/Illuminate/Foundation/Application.php(641): Stack\StackedHttpKernel->handle(Object(Illuminate\Http\Request))
#10 /Users/miguelmartinez/Sites/fundacion/httpdocs/index.php(49): Illuminate\Foundation\Application->run()
#11 {main} [] []
[2015-05-13 22:09:49] production.ERROR: exception 'Symfony\Component\HttpKernel\Exception\NotFoundHttpException' in /Users/miguelmartinez/Sites/fundacion/vendor/laravel/framework/src/Illuminate/Routing/RouteCollection.php:148
Stack trace:
#0 /Users/miguelmartinez/Sites/fundacion/vendor/laravel/framework/src/Illuminate/Routing/Router.php(1128): Illuminate\Routing\RouteCollection->match(Object(Illuminate\Http\Request))
#1 /Users/miguelmartinez/Sites/fundacion/vendor/laravel/framework/src/Illuminate/Routing/Router.php(1096): Illuminate\Routing\Router->findRoute(Object(Illuminate\Http\Request))
#2 /Users/miguelmartinez/Sites/fundacion/vendor/laravel/framework/src/Illuminate/Routing/Router.php(1075): Illuminate\Routing\Router->dispatchToRoute(Object(Illuminate\Http\Request))
#3 /Users/miguelmartinez/Sites/fundacion/vendor/laravel/framework/src/Illuminate/Foundation/Application.php(775): Illuminate\Routing\Router->dispatch(Object(Illuminate\Http\Request))
#4 /Users/miguelmartinez/Sites/fundacion/vendor/laravel/framework/src/Illuminate/Foundation/Application.php(745): Illuminate\Foundation\Application->dispatch(Object(Illuminate\Http\Request))
#5 /Users/miguelmartinez/Sites/fundacion/vendor/laravel/framework/src/Illuminate/Session/Middleware.php(72): Illuminate\Foundation\Application->handle(Object(Illuminate\Http\Request), 1, true)
#6 /Users/miguelmartinez/Sites/fundacion/vendor/laravel/framework/src/Illuminate/Cookie/Queue.php(47): Illuminate\Session\Middleware->handle(Object(Illuminate\Http\Request), 1, true)
#7 /Users/miguelmartinez/Sites/fundacion/vendor/laravel/framework/src/Illuminate/Cookie/Guard.php(51): Illuminate\Cookie\Queue->handle(Object(Illuminate\Http\Request), 1, true)
#8 /Users/miguelmartinez/Sites/fundacion/vendor/stack/builder/src/Stack/StackedHttpKernel.php(23): Illuminate\Cookie\Guard->handle(Object(Illuminate\Http\Request), 1, true)
#9 /Users/miguelmartinez/Sites/fundacion/vendor/laravel/framework/src/Illuminate/Foundation/Application.php(641): Stack\StackedHttpKernel->handle(Object(Illuminate\Http\Request))
#10 /Users/miguelmartinez/Sites/fundacion/httpdocs/index.php(49): Illuminate\Foundation\Application->run()
#11 {main} [] []
